[debug] [2021-09-11T14:11:00.968Z] ----------------------------------------------------------------------
[debug] [2021-09-11T14:11:00.971Z] Command:       /usr/local/bin/node /usr/local/bin/firebase deploy
[debug] [2021-09-11T14:11:00.972Z] CLI Version:   9.18.0
[debug] [2021-09-11T14:11:00.972Z] Platform:      darwin
[debug] [2021-09-11T14:11:00.972Z] Node Version:  v16.3.0
[debug] [2021-09-11T14:11:01.004Z] Time:          Sat Sep 11 2021 15:11:00 GMT+0100 (British Summer Time)
[debug] [2021-09-11T14:11:01.005Z] ----------------------------------------------------------------------
[debug] 
[debug] [2021-09-11T14:11:01.014Z] >>> [apiv2][query] GET https://firebase-public.firebaseio.com/cli.json [none]
[debug] [2021-09-11T14:11:01.241Z] > command requires scopes: ["email","openid","https://www.googleapis.com/auth/cloudplatformprojects.readonly","https://www.googleapis.com/auth/firebase","https://www.googleapis.com/auth/cloud-platform"]
[debug] [2021-09-11T14:11:01.242Z] > authorizing via signed-in user (taniayan93@gmail.com)
[debug] [2021-09-11T14:11:01.243Z] [iam] checking project my-cool-app-78652 for permissions ["firebase.projects.get","firebasehosting.sites.update"]
[debug] [2021-09-11T14:11:01.245Z] > refreshing access token with scopes: ["email","https://www.googleapis.com/auth/cloud-platform","https://www.googleapis.com/auth/cloudplatformprojects.readonly","https://www.googleapis.com/auth/firebase","openid"]
[debug] [2021-09-11T14:11:01.246Z] >>> HTTP REQUEST POST https://www.googleapis.com/oauth2/v3/token  
 <request body omitted>
[debug] [2021-09-11T14:11:01.368Z] <<< HTTP RESPONSE 200 {"pragma":"no-cache","cache-control":"no-cache, no-store, max-age=0, must-revalidate","date":"Sat, 11 Sep 2021 14:11:01 GMT","expires":"Mon, 01 Jan 1990 00:00:00 GMT","content-type":"application/json; charset=utf-8","vary":"X-Origin, Referer, Origin,Accept-Encoding","server":"scaffolding on HTTPServer2","x-xss-protection":"0","x-frame-options":"SAMEORIGIN","x-content-type-options":"nosniff","alt-svc":"h3=\":443\"; ma=2592000,h3-29=\":443\"; ma=2592000,h3-T051=\":443\"; ma=2592000,h3-Q050=\":443\"; ma=2592000,h3-Q046=\":443\"; ma=2592000,h3-Q043=\":443\"; ma=2592000,quic=\":443\"; ma=2592000; v=\"46,43\"","accept-ranges":"none","transfer-encoding":"chunked"}
[debug] [2021-09-11T14:11:01.413Z] >>> HTTP REQUEST POST https://cloudresourcemanager.googleapis.com/v1/projects/my-cool-app-78652:testIamPermissions  
 {"permissions":["firebase.projects.get","firebasehosting.sites.update"]}
[debug] [2021-09-11T14:11:01.634Z] <<< HTTP RESPONSE 200 {"content-type":"application/json; charset=UTF-8","vary":"X-Origin, Referer, Origin,Accept-Encoding","date":"Sat, 11 Sep 2021 14:11:01 GMT","server":"ESF","cache-control":"private","x-xss-protection":"0","x-frame-options":"SAMEORIGIN","x-content-type-options":"nosniff","server-timing":"gfet4t7; dur=123","alt-svc":"h3=\":443\"; ma=2592000,h3-29=\":443\"; ma=2592000,h3-T051=\":443\"; ma=2592000,h3-Q050=\":443\"; ma=2592000,h3-Q046=\":443\"; ma=2592000,h3-Q043=\":443\"; ma=2592000,quic=\":443\"; ma=2592000; v=\"46,43\"","accept-ranges":"none","transfer-encoding":"chunked"}
[debug] [2021-09-11T14:11:01.637Z] > refreshing access token with scopes: []
[debug] [2021-09-11T14:11:01.638Z] >>> HTTP REQUEST POST https://www.googleapis.com/oauth2/v3/token  
 <request body omitted>
[debug] [2021-09-11T14:11:01.654Z] <<< [apiv2][status] GET https://firebase-public.firebaseio.com/cli.json 200
[debug] [2021-09-11T14:11:01.655Z] <<< [apiv2][body] GET https://firebase-public.firebaseio.com/cli.json {"cloudBuildErrorAfter":1594252800000,"cloudBuildWarnAfter":1590019200000,"defaultNode10After":1594252800000,"minVersion":"3.0.5","node8DeploysDisabledAfter":1613390400000,"node8RuntimeDisabledAfter":1615809600000,"node8WarnAfter":1600128000000}
[debug] [2021-09-11T14:11:01.782Z] <<< HTTP RESPONSE 200 {"date":"Sat, 11 Sep 2021 14:11:01 GMT","cache-control":"no-cache, no-store, max-age=0, must-revalidate","expires":"Mon, 01 Jan 1990 00:00:00 GMT","pragma":"no-cache","content-type":"application/json; charset=utf-8","vary":"X-Origin, Referer, Origin,Accept-Encoding","server":"scaffolding on HTTPServer2","x-xss-protection":"0","x-frame-options":"SAMEORIGIN","x-content-type-options":"nosniff","alt-svc":"h3=\":443\"; ma=2592000,h3-29=\":443\"; ma=2592000,h3-T051=\":443\"; ma=2592000,h3-Q050=\":443\"; ma=2592000,h3-Q046=\":443\"; ma=2592000,h3-Q043=\":443\"; ma=2592000,quic=\":443\"; ma=2592000; v=\"46,43\"","accept-ranges":"none","transfer-encoding":"chunked"}
[debug] [2021-09-11T14:11:01.837Z] >>> [apiv2][query] GET https://firebase.googleapis.com/v1beta1/projects/my-cool-app-78652 [none]
[debug] [2021-09-11T14:11:02.113Z] <<< [apiv2][status] GET https://firebase.googleapis.com/v1beta1/projects/my-cool-app-78652 200
[debug] [2021-09-11T14:11:02.113Z] <<< [apiv2][body] GET https://firebase.googleapis.com/v1beta1/projects/my-cool-app-78652 {"projectId":"my-cool-app-78652","projectNumber":"961236720020","displayName":"Kaizen","name":"projects/my-cool-app-78652","resources":{"hostingSite":"my-cool-app-78652","storageBucket":"my-cool-app-78652.appspot.com","locationId":"europe-west"},"state":"ACTIVE"}
[info] 
[info] === Deploying to 'my-cool-app-78652'...
[info] 
[info] i  deploying hosting 
[debug] [2021-09-11T14:11:02.121Z] > refreshing access token with scopes: ["email","https://www.googleapis.com/auth/cloud-platform","https://www.googleapis.com/auth/cloudplatformprojects.readonly","https://www.googleapis.com/auth/firebase","openid"]
[debug] [2021-09-11T14:11:02.121Z] >>> HTTP REQUEST POST https://www.googleapis.com/oauth2/v3/token  
 <request body omitted>
[debug] [2021-09-11T14:11:02.342Z] <<< HTTP RESPONSE 200 {"cache-control":"no-cache, no-store, max-age=0, must-revalidate","pragma":"no-cache","date":"Sat, 11 Sep 2021 14:11:02 GMT","expires":"Mon, 01 Jan 1990 00:00:00 GMT","content-type":"application/json; charset=utf-8","vary":"X-Origin, Referer, Origin,Accept-Encoding","server":"scaffolding on HTTPServer2","x-xss-protection":"0","x-frame-options":"SAMEORIGIN","x-content-type-options":"nosniff","alt-svc":"h3=\":443\"; ma=2592000,h3-29=\":443\"; ma=2592000,h3-T051=\":443\"; ma=2592000,h3-Q050=\":443\"; ma=2592000,h3-Q046=\":443\"; ma=2592000,h3-Q043=\":443\"; ma=2592000,quic=\":443\"; ma=2592000; v=\"46,43\"","accept-ranges":"none","transfer-encoding":"chunked"}
[debug] [2021-09-11T14:11:02.388Z] >>> HTTP REQUEST POST https://firebasehosting.googleapis.com/v1beta1/sites/my-cool-app-78652/versions  
 {"config":{"rewrites":[{"glob":"**","path":"/index.html"}]},"labels":{"deployment-tool":"cli-firebase"}}
[debug] [2021-09-11T14:11:03.773Z] <<< HTTP RESPONSE 200 {"content-type":"application/json; charset=UTF-8","vary":"X-Origin, Referer, Origin,Accept-Encoding","date":"Sat, 11 Sep 2021 14:11:03 GMT","server":"ESF","cache-control":"private","x-xss-protection":"0","x-frame-options":"SAMEORIGIN","x-content-type-options":"nosniff","alt-svc":"h3=\":443\"; ma=2592000,h3-29=\":443\"; ma=2592000,h3-T051=\":443\"; ma=2592000,h3-Q050=\":443\"; ma=2592000,h3-Q046=\":443\"; ma=2592000,h3-Q043=\":443\"; ma=2592000,quic=\":443\"; ma=2592000; v=\"46,43\"","accept-ranges":"none","transfer-encoding":"chunked"}
[info] i  hosting[my-cool-app-78652]: beginning deploy... 
[info] i  hosting[my-cool-app-78652]: found 50 files in build 
[debug] [2021-09-11T14:11:08.635Z] > refreshing access token with scopes: []
[debug] [2021-09-11T14:11:08.635Z] >>> HTTP REQUEST POST https://www.googleapis.com/oauth2/v3/token  
 <request body omitted>
[debug] [2021-09-11T14:11:08.640Z] [hosting] hash cache [YnVpbGQ] stored for 50 files
[debug] [2021-09-11T14:11:08.640Z] [hosting][hash queue][FINAL] {"max":4797,"min":113,"avg":616.58,"active":0,"complete":50,"success":50,"errored":0,"retried":0,"total":50,"elapsed":4820}
[debug] [2021-09-11T14:11:08.723Z] <<< HTTP RESPONSE 200 {"expires":"Mon, 01 Jan 1990 00:00:00 GMT","pragma":"no-cache","date":"Sat, 11 Sep 2021 14:11:08 GMT","cache-control":"no-cache, no-store, max-age=0, must-revalidate","content-type":"application/json; charset=utf-8","vary":"X-Origin, Referer, Origin,Accept-Encoding","server":"scaffolding on HTTPServer2","x-xss-protection":"0","x-frame-options":"SAMEORIGIN","x-content-type-options":"nosniff","alt-svc":"h3=\":443\"; ma=2592000,h3-29=\":443\"; ma=2592000,h3-T051=\":443\"; ma=2592000,h3-Q050=\":443\"; ma=2592000,h3-Q046=\":443\"; ma=2592000,h3-Q043=\":443\"; ma=2592000,quic=\":443\"; ma=2592000; v=\"46,43\"","accept-ranges":"none","transfer-encoding":"chunked"}
[debug] [2021-09-11T14:11:08.766Z] >>> [apiv2][query] POST https://firebasehosting.googleapis.com/v1beta1/sites/my-cool-app-78652/versions/cbce4e4e106c499f:populateFiles [none]
[debug] [2021-09-11T14:11:08.766Z] >>> [apiv2][body] POST https://firebasehosting.googleapis.com/v1beta1/sites/my-cool-app-78652/versions/cbce4e4e106c499f:populateFiles {"files":{"/logo192.png":"caff018b7f1e8fd481eb1c50d75b0ef236bcd5078b1d15c8bb348453fee30293","/oldcode.js":"6a93d8cce1a093ea1a833d47c6f4bef04e7860f4d12a4e941d15103d1e38a2e7","/_redirects":"a13fc17f7721a4925c84eeb910f098b7141d692e1d7ad5131dbd75f1d7efd99f","/asset-manifest.json":"5ef5cdf3504c8945ff30e4e2009423fdfe8061479f1dc3cf7fc2af79a8a601d3","/index.html":"a39fbd00d487612877b811d546692c30a4c2f57330f6f7d937c18d8a4336b3da","/manifest.json":"341d52628782f8ac9290bbfc43298afccb47b7cbfcee146ae30cf0f46bc30900","/favicon.ico":"b72f7455f00e4e58792d2bca892abb068e2213838c0316d6b7a0d6d16acd1955","/static/css/main.fa7ac377.chunk.css":"a5d0f6bbf0d9baecd2d77a977da1982e7788100d3ada4862af9690349f35546f","/robots.txt":"391d14b3c2f8c9143a27a28c7399585142228d4d1bdbe2c87ac946de411fa9a2","/logo512.png":"191fc21360b4ccfb1cda11a1efb97f489ed22672ca83f4064316802bbfdd750e","/static/css/7.7b090b54.chunk.css.map":"4ec3ea1b92980a2165f5a7350dbdee1ef9163412a9c4c8afe81bb0753838f4ea","/static/css/7.7b090b54.chunk.css":"87a1795a513df8a15c4a21253a9e3a21b7a8edc1910fa0f1908fca0684d559a8","/static/css/0.66f5947c.chunk.css":"ea688bb877214e64cd561f9ab05fefd0890ed54b0b6af3bbe263cc1cb61f4696","/static/css/0.66f5947c.chunk.css.map":"33aa6ac01c2025ba36042b6e813d5bd524c42988a8a052bc51d4ce980f74757f","/static/js/10.3268b730.chunk.js":"014b4eef1f857d421f5b12457213256a2fd07a8d1da1988fc7fa9ed04c415238","/static/js/1.2d9a0c21.chunk.js.LICENSE.txt":"5b8330fea5a4c21ef4c1112a89aa76ff0c8744ba6b50dbb535ea9674a913efe1","/static/js/11.2dafe7a4.chunk.js":"3541deafe4a222e94996103fc1d2bfa888bfe1c3f29856fc831b019a6873d4c9","/static/js/10.3268b730.chunk.js.map":"4df622b4390a371261ead7b7dc5118bc44defb2573c898b4e0d3024a82267351","/static/js/5.2476da40.chunk.js.LICENSE.txt":"ef9c5a11eb9321f6b6a3204eb9cca77985e6f6ab982e8661056f3f010c0408df","/static/js/11.2dafe7a4.chunk.js.map":"3de04cadc23efbca8a8cd6d363d4aabbd18b82e858f189e0c44d43adfd53a262","/static/js/6.0b5d1ebd.chunk.js.LICENSE.txt":"dd8370442f741c568395acb6395eeca5ac1bb9c24f0b68535b52427873cda3f7","/static/js/7.8782a0f4.chunk.js":"e25a57fcf3b71c45454cba0ed42dfef19ac9ebccf7854f138a8d990bc107303b","/static/js/7.8782a0f4.chunk.js.map":"60a68689f9fd721a43af1a8ea6fd89f9f0806cfcc7db4c9cd0eb836da0e70370","/static/css/main.fa7ac377.chunk.css.map":"a5e3e1c931d3aced733c46bbcb5f38ae31894067d9aac10fca655d7579345a8b","/static/js/8.eb3082a9.chunk.js":"edcccb5fc128a96521e9074309197183d98efd8154ead5bf7351b9eb34f70614","/static/js/9.2bc97353.chunk.js":"b7dd1a5e3880c58fe4d68971c7f1a1b7f26e564294376026d59904f75022a156","/static/js/runtime-main.47d020d6.js":"b2a7c17d827fe170e80a5c6c85f159905e468845aeb30893a74401c19b5fb9e6","/static/js/8.eb3082a9.chunk.js.map":"630f791d454586abd6502cd8977aa692f9f6ad2281e83339c7eec220f1ae1cc1","/static/js/9.2bc97353.chunk.js.map":"a23493ffba3c70ad8ea3f18522d362fc9efd975682b08b9d45c6db0dd31fba86","/static/js/runtime-main.47d020d6.js.map":"fd57f609a67ec2a09b22b508e419e1837796ba2c67341ddc23bb9727728649d8","/static/media/mindful.69f6f7a4.png":"8304e54faae0fc4f2e670a5abe8c426643de1cdcffd98c4e6420aaa9eb0ab370","/static/js/main.a9637caa.chunk.js":"be4ab685ff0d68a2f9ea7280587bc0ed73fbcebed160b5fbc14a1b6cf1cec0bd","/static/media/meditation-bell.26fa86e0.m4a":"4c8ae924df13a1339e5513bf906b943bc399428a2be01e708665665837578525","/static/media/no.fb3de2ed.png":"90695d97875db81aa5ea687548718a1613216f4d6b415a2fb79197ac0ec7aead","/static/media/yes.52a9622c.png":"16d0ce3e1b9d01f1f5dbaada40523767f7b4168aef218c12124d69baf058afa6","/static/js/main.a9637caa.chunk.js.map":"6e79de7af711945bd431f25c8c073c21a67c7c7a77677ea540a82c4446a29e71","/static/media/active.6771f2c2.png":"3fbc7aac21c238a97aa019e91b2e48662282e8b39bb2da334a7a0067390c2235","/static/media/social.a7b7885e.png":"51e5e455a47d373c838c8c9f18d85c89ff13bc5bedc5e7cf195df24904b85f20","/static/js/0.0b715bd1.chunk.js":"12e30e220ba49380013f26213c3e920230a3f0d3c3fed5e3de6df04d99dc1578","/static/js/1.2d9a0c21.chunk.js":"1f2c94d903e5c8418009c154df3b2268798f79646f65a8f298596640ee877ead","/static/js/0.0b715bd1.chunk.js.map":"8a752013fc0d407cbf45010faa8f91439a8cb813ee7d28e2d9f43cd7b05e736e","/static/js/5.2476da40.chunk.js":"a26960d86f82f1662ec237de60f7aa2653934651a2216e9aaf80fa35e7497b13","/static/js/1.2d9a0c21.chunk.js.map":"8cae06b74d5f031ad830c616db2a7ebaa8eb34b96e84f598a2b72e1b0e026a70","/static/media/loadingZen.b557941e.gif":"0fa97913acf00277af5c5791d885b3c375fb10b21beb2b8575e677839262cbe8","/static/js/6.0b5d1ebd.chunk.js":"c41e616f240d66342046eac99c2e257868b0ad3a2d4123a7038b21279041a187","/static/js/5.2476da40.chunk.js.map":"47dd4bce727dfd62f8907772a1b4e9673dcce5dab9b70acd53d3b076f7c1f282","/static/media/kumoSpace.5d0fbc2b.png":"b075164c5c2d9cc4032e8301f39cdb959b8756e9b3d13ce427bf29d44d6ed464","/static/js/6.0b5d1ebd.chunk.js.map":"03347bbfd6bd1969f7ca629bb4732ede793201ad8279cd8c3974f1c924a57065","/static/js/4.ed79c472.chunk.js":"1c200fa80653323292710b33a74362f710be4177d07505f7ee2bebb5cfe8e332","/static/js/4.ed79c472.chunk.js.map":"d692db78765876a689bab8909117af10b0703c04215dc73688a317c37854209e"}}
